mode: set
go-tutorails/internal/math/wordcounter/wordfunc.go:2.26,4.2 1 1
go-tutorails/internal/math/calculator/operations.go:2.34,4.2 1 1
go-tutorails/internal/math/calculator/operations.go:5.34,7.2 1 1
go-tutorails/internal/math/calculator/operations.go:8.34,9.17 1 1
go-tutorails/internal/math/calculator/operations.go:9.17,11.3 1 1
go-tutorails/internal/math/calculator/operations.go:11.8,13.3 1 1
go-tutorails/internal/math/calculator/operations.go:16.26,18.2 1 0
go-tutorails/internal/math/reversenumber/revfunc.go:2.33,4.14 2 1
go-tutorails/internal/math/reversenumber/revfunc.go:9.2,9.12 1 1
go-tutorails/internal/math/reversenumber/revfunc.go:4.14,8.3 3 1
